<?xml version="1.0" encoding="UTF-8"?>
<testng-results ignored="0" total="1" passed="0" failed="1" skipped="0">
  <reporter-output>
  </reporter-output>
  <suite started-at="2023-05-29T12:04:19 IST" name="Default suite" finished-at="2023-05-29T12:05:41 IST" duration-ms="82337">
    <groups>
    </groups>
    <test started-at="2023-05-29T12:04:19 IST" name="Default test" finished-at="2023-05-29T12:05:41 IST" duration-ms="82337">
      <class name="testscripts.AddPythonToMyCart">
        <test-method is-config="true" signature="classConfig()[pri:0, instance:testscripts.AddPythonToMyCart@4d465b11]" started-at="2023-05-29T12:04:19 IST" name="classConfig" finished-at="2023-05-29T12:04:20 IST" duration-ms="534" status="PASS">
          <reporter-output>
          </reporter-output>
        </test-method> <!-- classConfig -->
        <test-method is-config="true" signature="methodconfifuration()[pri:0, instance:testscripts.AddPythonToMyCart@4d465b11]" started-at="2023-05-29T12:04:20 IST" name="methodconfifuration" finished-at="2023-05-29T12:05:09 IST" duration-ms="49066" status="PASS">
          <reporter-output>
          </reporter-output>
        </test-method> <!-- methodconfifuration -->
        <test-method signature="addPythonToMyCart()[pri:0, instance:testscripts.AddPythonToMyCart@4d465b11]" started-at="2023-05-29T12:05:09 IST" name="addPythonToMyCart" finished-at="2023-05-29T12:05:41 IST" duration-ms="32466" status="FAIL">
          <exception class="java.lang.AssertionError">
            <message>
              <![CDATA[The following asserts failed:
expected [Testing] but found [[[ChromeDriver: chrome on WINDOWS (f493dbd3c9a81cdf590f6897613bf716)] -> id: Python]]]]>
            </message>
            <full-stacktrace>
              <![CDATA[java.lang.AssertionError: The following asserts failed:
expected [Testing] but found [[[ChromeDriver: chrome on WINDOWS (f493dbd3c9a81cdf590f6897613bf716)] -> id: Python]]
at org.testng.asserts.SoftAssert.assertAll(SoftAssert.java:47)
at org.testng.asserts.SoftAssert.assertAll(SoftAssert.java:31)
at testscripts.AddPythonToMyCart.addPythonToMyCart(AddPythonToMyCart.java:30)
at java.base/jdk.internal.reflect.NativeMethodAccessorImpl.invoke0(Native Method)
at java.base/jdk.internal.reflect.NativeMethodAccessorImpl.invoke(NativeMethodAccessorImpl.java:77)
at java.base/jdk.internal.reflect.DelegatingMethodAccessorImpl.invoke(DelegatingMethodAccessorImpl.java:43)
at java.base/java.lang.reflect.Method.invoke(Method.java:568)
at org.testng.internal.MethodInvocationHelper.invokeMethod(MethodInvocationHelper.java:133)
at org.testng.internal.TestInvoker.invokeMethod(TestInvoker.java:598)
at org.testng.internal.TestInvoker.invokeTestMethod(TestInvoker.java:173)
at org.testng.internal.MethodRunner.runInSequence(MethodRunner.java:46)
at org.testng.internal.TestInvoker$MethodInvocationAgent.invoke(TestInvoker.java:824)
at org.testng.internal.TestInvoker.invokeTestMethods(TestInvoker.java:146)
at org.testng.internal.TestMethodWorker.invokeTestMethods(TestMethodWorker.java:146)
at org.testng.internal.TestMethodWorker.run(TestMethodWorker.java:128)
at java.base/java.util.ArrayList.forEach(ArrayList.java:1511)
at org.testng.TestRunner.privateRun(TestRunner.java:794)
at org.testng.TestRunner.run(TestRunner.java:596)
at org.testng.SuiteRunner.runTest(SuiteRunner.java:377)
at org.testng.SuiteRunner.runSequentially(SuiteRunner.java:371)
at org.testng.SuiteRunner.privateRun(SuiteRunner.java:332)
at org.testng.SuiteRunner.run(SuiteRunner.java:276)
at org.testng.SuiteRunnerWorker.runSuite(SuiteRunnerWorker.java:53)
at org.testng.SuiteRunnerWorker.run(SuiteRunnerWorker.java:96)
at org.testng.TestNG.runSuitesSequentially(TestNG.java:1212)
at org.testng.TestNG.runSuitesLocally(TestNG.java:1134)
at org.testng.TestNG.runSuites(TestNG.java:1063)
at org.testng.TestNG.run(TestNG.java:1031)
at org.testng.remote.AbstractRemoteTestNG.run(AbstractRemoteTestNG.java:115)
at org.testng.remote.RemoteTestNG.initAndRun(RemoteTestNG.java:251)
at org.testng.remote.RemoteTestNG.main(RemoteTestNG.java:77)
]]>
            </full-stacktrace>
          </exception> <!-- java.lang.AssertionError -->
          <reporter-output>
          </reporter-output>
        </test-method> <!-- addPythonToMyCart -->
        <test-method is-config="true" signature="methodteardown()[pri:0, instance:testscripts.AddPythonToMyCart@4d465b11]" started-at="2023-05-29T12:05:41 IST" name="methodteardown" finished-at="2023-05-29T12:05:41 IST" duration-ms="229" status="PASS">
          <reporter-output>
          </reporter-output>
        </test-method> <!-- methodteardown -->
        <test-method is-config="true" signature="classteardown()[pri:0, instance:testscripts.AddPythonToMyCart@4d465b11]" started-at="2023-05-29T12:05:41 IST" name="classteardown" finished-at="2023-05-29T12:05:41 IST" duration-ms="2" status="PASS">
          <reporter-output>
          </reporter-output>
        </test-method> <!-- classteardown -->
      </class> <!-- testscripts.AddPythonToMyCart -->
    </test> <!-- Default test -->
  </suite> <!-- Default suite -->
</testng-results>
